<?xml version="1.0" encoding="UTF-8"?>
<testng-results skipped="0" failed="0" total="2" passed="2">
  <reporter-output>
  </reporter-output>
  <suite name="Default suite" duration-ms="321414" started-at="2021-01-23T09:54:16Z" finished-at="2021-01-23T09:59:37Z">
    <groups>
    </groups>
    <test name="Default test" duration-ms="321414" started-at="2021-01-23T09:54:16Z" finished-at="2021-01-23T09:59:37Z">
      <class name="ug.tests.NavigationTest">
        <test-method status="PASS" signature="setUp()[pri:0, instance:ug.tests.NavigationTest@6b71769e]" name="setUp" is-config="true" duration-ms="19196" started-at="2021-01-23T15:24:16Z" finished-at="2021-01-23T15:24:35Z">
          <reporter-output>
          </reporter-output>
        </test-method> <!-- setUp -->
        <test-method status="PASS" signature="verifyFooterDataScienceLink()[pri:0, instance:ug.tests.NavigationTest@6b71769e]" name="verifyFooterDataScienceLink" duration-ms="188696" started-at="2021-01-23T15:24:35Z" finished-at="2021-01-23T15:27:44Z">
          <reporter-output>
          </reporter-output>
        </test-method> <!-- verifyFooterDataScienceLink -->
        <test-method status="PASS" signature="verifyHeaderDataScienceLink()[pri:0, instance:ug.tests.NavigationTest@6b71769e]" name="verifyHeaderDataScienceLink" duration-ms="111634" started-at="2021-01-23T15:27:44Z" finished-at="2021-01-23T15:29:35Z">
          <reporter-output>
          </reporter-output>
        </test-method> <!-- verifyHeaderDataScienceLink -->
        <test-method status="PASS" signature="tearDown()[pri:0, instance:ug.tests.NavigationTest@6b71769e]" name="tearDown" is-config="true" duration-ms="1868" started-at="2021-01-23T15:29:35Z" finished-at="2021-01-23T15:29:37Z">
          <reporter-output>
          </reporter-output>
        </test-method> <!-- tearDown -->
      </class> <!-- ug.tests.NavigationTest -->
    </test> <!-- Default test -->
  </suite> <!-- Default suite -->
</testng-results>
